0000000 00 ea 83 f3 34 32 00 00 00 00 00 00 00 00 00 00
0000010 00 00 00 00 00 00 00 00 00 00 00 00 00 00 00 00
*
0000080 00 00 00 00 00 00 00 00 00 ea 83 f3 43 65 6c 65
0000090 62 72 61 74 69 6f 6e 20 46 75 6e 65 62 72 65 20
00000a0 76 30 2e 39 39 70 6c 34 32 00 00 00 00 00 00 00
00000b0 00 00 00 00 00 00 00 00 00 00 00 00 00 00 00 00
*
0000110 00 00 01 3e 4a 6f 75 72 20 4a 00 00 00 00 00 00
0000120 00 00 00 00 00 00 00 00 00 00 00 00 00 00 00 00
*
0000910 00 00 00 00 00 00 00 00 09 00 50 09 00 00 01 00
0000920 00 00 2a 0b 64 0f 00 00 0e 09 ff 38 01 00 00 00
0000930 2a 0b 64 0f 00 00 0e 09 ff 38 01 00 00 00 2a 0b
0000940 64 0f 00 00 0e 09 ff 38 01 00 00 00 2a 0b 64 0f
0000950 00 00 0e 09 ff 38 0b 64 0f 00 00 0e 09 ff 38 0b
0000960 64 0f 00 00 0e 09 ff 38 0b 68 01 ff b6 00 01 0b
0000970 68 01 ff af 00 0f 0b 68 01 ff a8 00 1d 0b 68 01
0000980 ff a1 00 2b 0b 68 01 ff 9a 00 39 0b 68 01 ff 93
0000990 00 47 02 90 00 06 00 00 04 02 90 00 0e 00 00 0c
00009a0 02 90 00 00 00 01 0b 02 90 00 00 00 06 0a 01 00
00009b0 00 00 2a 0b 68 04 ff 65 00 01 04 54 04 0c 04 05
00009c0 54 0a 0b 0a 09 ff ce 0c ff e7 01 00 00 00 03 0c
00009d0 00 28 01 00 00 00 04 0c 00 45 01 00 00 00 2a 0a
00009e0 a4 00 08 ff 3f 0f 02 90 ff ff ff 46 0e 02 90 00
00009f0 00 00 00 02 09 ff 24 01 00 00 00 2a 0c 00 3d 01
0000a00 00 00 00 2a 0a a4 00 04 ff 1a 0f 02 90 ff ff ff
0000a10 42 0e 02 90 00 00 00 00 02 09 fe ff 01 00 00 00
0000a20 2a 0a a4 00 0c fe fd 0f 02 90 ff ff ff 4a 0e 02
0000a30 90 00 00 00 00 02 09 fe e2 01 00 00 00 2a 0a a4
0000a40 00 00 fe e0 0f 02 90 ff ff ff 3e 0e 02 90 00 00
0000a50 00 00 02 09 fe c5                              
0000a56
